Warning: Are you sure you want to clear the window?
          [YES]
Software Version: 11.6.0.32
Driver : 3.0.0 build 1
programmer '89017' : FlashPro4
Embedded FlashPro5 programmer detected.
programmer '00OROFA' : FlashPro5
Opened 'E:\SmartFusion2 ADV DEV
KIT\SmartFusion2-Advanced-Dev-Kit\Programming_The_Target_Device\PROC_SUBSYSTEM_MIV_RV32IMA_Base\
Design\PROC_SUBSYSTEM.pro'
Rescanning for Programmers...
programmer '89017' : FlashPro4
Embedded FlashPro5 programmer detected.
programmer '00OROFA' : FlashPro5
Rescanning for Programmers DONE.
Rescanning for Programmers...
programmer '89017' : FlashPro4
Rescanning for Programmers DONE.
STAPL file 'E:\SmartFusion2 ADV DEV
KIT\SmartFusion2-Advanced-Dev-Kit\Programming_The_Target_Device\PROC_SUBSYSTEM_MIV_RV32IMA_Base\
Design\projectData\PROC_SUBSYSTEM.stp' has been loaded successfully.
DESIGN : PROC_SUBSYSTEM;  CHECKSUM : 9111;  ALG_VERSION : 2
programmer '89017' : Scan Chain...
Warning: programmer '89017' : Vpump has been selected on programmer AND an externally provided
         Vpump has also been detected. Using externally provided Vpump voltage source.
programmer '89017' : Scan Chain PASSED.
programmer '89017' : Executing action PROGRAM
programmer '89017' : Family: SmartFusion2
programmer '89017' : Product:      M2S150
programmer '89017' : EXPORT ISC_ENABLE_RESULT[32] = 00796644
programmer '89017' : EXPORT CRCERR[1] = 0
programmer '89017' : EXPORT EDCERR[1] = 0
programmer '89017' : Programming FPGA Array and eNVM...
programmer '89017' : EXPORT Fabric component digest[256] =
be29db7cade4e00f3790aebe0456ee9af5bd1c1acd1d94ac366a869773aaa286
programmer '89017' : EXPORT eNVM_0 component digest[256] =
de1ef6dad45250c932e9402116910593bc9d0065e5c2f6205755aafdea50a722
programmer '89017' :
===================================================================================
programmer '89017' : EXPORT DSN[128] = 852012706f80eae785c8d34565b0ba0e
programmer '89017' :
===================================================================================
programmer '89017' : Finished: Thu Jul 19 17:24:43 2018 (Elapsed time 00:02:07)
programmer '89017' : Executing action PROGRAM PASSED.

                        o - o - o - o - o - o

Project saved.
Project closed.
